-------------------------------------------------------------------------------
Test set: tests.OrdersTest
-------------------------------------------------------------------------------
Tests run: 7, Failures: 1, Errors: 0, Skipped: 0, Time elapsed: 11.254 s <<< FAILURE! - in tests.OrdersTest
createOrderWithMisspellHashTest(tests.OrdersTest)  Time elapsed: 0.683 s  <<< FAILURE!
java.lang.AssertionError: 
1 expectation failed.
Expected status code <400> but was <500>.

	at tests.OrdersTest.createOrderWithMisspellHashTest(OrdersTest.java:147)

